"E:/UnrealProjects/Crownless/Crownless/Content/Mannequin/Character/Mesh/UE4_Mannequin_Skeleton.uasset" 0
"E:/UnrealProjects/Crownless/Crownless/Content/Mannequin/Character/Mesh/UE4_Mannequin_Skeleton.uexp" 1
"E:/UnrealProjects/Crownless/Crownless/Content/Mannequin/Animations/ThirdPersonJump_End.uasset" 2
"E:/UnrealProjects/Crownless/Crownless/Content/Mannequin/Animations/ThirdPersonJump_End.uexp" 3
"E:/UnrealProjects/Crownless/Crownless/Content/Mannequin/Character/Mesh/SK_Mannequin_Female_PhysicsAsset.uasset" 4
"E:/UnrealProjects/Crownless/Crownless/Content/Mannequin/Character/Mesh/SK_Mannequin_Female_PhysicsAsset.uexp" 5
"E:/UnrealProjects/Crownless/Crownless/Content/Mannequin/Character/Textures/T_UE4Logo_N.uasset" 6
"E:/UnrealProjects/Crownless/Crownless/Content/Mannequin/Character/Textures/T_UE4Logo_N.uexp" 7
"E:/UnrealProjects/Crownless/Crownless/Content/Mannequin/Character/Textures/T_UE4Logo_N.ubulk" 8
"E:/UnrealProjects/Crownless/Crownless/Content/Mannequin/Character/Textures/T_UE4Logo_Mask.uasset" 9
"E:/UnrealProjects/Crownless/Crownless/Content/Mannequin/Character/Textures/T_UE4Logo_Mask.uexp" 10
"E:/UnrealProjects/Crownless/Crownless/Content/Mannequin/Character/Textures/T_UE4Logo_Mask.ubulk" 11
"E:/UnrealProjects/Crownless/Crownless/Content/Mannequin/Character/Textures/T_Male_N.uasset" 12
"E:/UnrealProjects/Crownless/Crownless/Content/Mannequin/Character/Textures/T_Male_N.uexp" 13
"E:/UnrealProjects/Crownless/Crownless/Content/Mannequin/Character/Textures/T_Male_N.ubulk" 14
"E:/UnrealProjects/Crownless/Crownless/Content/Mannequin/Character/Textures/T_Male_Mask.uasset" 15
"E:/UnrealProjects/Crownless/Crownless/Content/Mannequin/Character/Textures/T_Male_Mask.uexp" 16
"E:/UnrealProjects/Crownless/Crownless/Content/Mannequin/Character/Textures/T_Male_Mask.ubulk" 17
"E:/UnrealProjects/Crownless/Crownless/Content/Mannequin/Character/Materials/MaterialLayers/T_ML_Rubber_Blue_01_N.uasset" 18
"E:/UnrealProjects/Crownless/Crownless/Content/Mannequin/Character/Materials/MaterialLayers/T_ML_Rubber_Blue_01_N.uexp" 19
"E:/UnrealProjects/Crownless/Crownless/Content/Mannequin/Character/Materials/MaterialLayers/T_ML_Rubber_Blue_01_N.ubulk" 20
"E:/UnrealProjects/Crownless/Crownless/Content/Mannequin/Character/Materials/MaterialLayers/T_ML_Rubber_Blue_01_D.uasset" 21
"E:/UnrealProjects/Crownless/Crownless/Content/Mannequin/Character/Materials/MaterialLayers/T_ML_Rubber_Blue_01_D.uexp" 22
"E:/UnrealProjects/Crownless/Crownless/Content/Mannequin/Character/Materials/MaterialLayers/T_ML_Rubber_Blue_01_D.ubulk" 23
"E:/UnrealProjects/Crownless/Crownless/Content/Mannequin/Character/Materials/MaterialLayers/T_ML_Aluminum01_N.uasset" 24
"E:/UnrealProjects/Crownless/Crownless/Content/Mannequin/Character/Materials/MaterialLayers/T_ML_Aluminum01_N.uexp" 25
"E:/UnrealProjects/Crownless/Crownless/Content/Mannequin/Character/Materials/MaterialLayers/T_ML_Aluminum01_N.ubulk" 26
"E:/UnrealProjects/Crownless/Crownless/Content/Mannequin/Character/Materials/MaterialLayers/T_ML_Aluminum01.uasset" 27
"E:/UnrealProjects/Crownless/Crownless/Content/Mannequin/Character/Materials/MaterialLayers/T_ML_Aluminum01.uexp" 28
"E:/UnrealProjects/Crownless/Crownless/Content/Mannequin/Character/Materials/MaterialLayers/T_ML_Aluminum01.ubulk" 29
"E:/UnrealProjects/Crownless/Crownless/Content/Mannequin/Character/Materials/MaterialLayers/ML_SoftMetal_UE4.uasset" 30
"E:/UnrealProjects/Crownless/Crownless/Content/Mannequin/Character/Materials/MaterialLayers/ML_SoftMetal_UE4.uexp" 31
"E:/UnrealProjects/Crownless/Crownless/Content/Mannequin/Character/Materials/MaterialLayers/ML_Plastic_Shiny_Beige_LOGO.uasset" 32
"E:/UnrealProjects/Crownless/Crownless/Content/Mannequin/Character/Materials/MaterialLayers/ML_Plastic_Shiny_Beige_LOGO.uexp" 33
"E:/UnrealProjects/Crownless/Crownless/Content/Mannequin/Character/Materials/MaterialLayers/ML_Plastic_Shiny_Beige.uasset" 34
"E:/UnrealProjects/Crownless/Crownless/Content/Mannequin/Character/Materials/MaterialLayers/ML_Plastic_Shiny_Beige.uexp" 35
"E:/UnrealProjects/Crownless/Crownless/Content/Mannequin/Character/Materials/MaterialLayers/ML_GlossyBlack_Latex_UE4.uasset" 36
"E:/UnrealProjects/Crownless/Crownless/Content/Mannequin/Character/Materials/MaterialLayers/ML_GlossyBlack_Latex_UE4.uexp" 37
"../../../Engine/Content/Functions/MaterialLayerFunctions/MatLayerBlend_Simple.uasset" 38
"../../../Engine/Content/Functions/MaterialLayerFunctions/MatLayerBlend_Simple.uexp" 39
"../../../Engine/Content/Functions/Engine_MaterialFunctions02/Utility/BlendAngleCorrectedNormals.uasset" 40
"../../../Engine/Content/Functions/Engine_MaterialFunctions02/Utility/BlendAngleCorrectedNormals.uexp" 41
"../../../Engine/Content/Functions/MaterialLayerFunctions/MatLayerBlend_NormalBlend.uasset" 42
"../../../Engine/Content/Functions/MaterialLayerFunctions/MatLayerBlend_NormalBlend.uexp" 43
"E:/UnrealProjects/Crownless/Crownless/Content/Mannequin/Character/Materials/M_Male_Body.uasset" 44
"E:/UnrealProjects/Crownless/Crownless/Content/Mannequin/Character/Materials/M_Male_Body.uexp" 45
"E:/UnrealProjects/Crownless/Crownless/Content/Mannequin/Character/Materials/M_UE4Man_ChestLogo.uasset" 46
"E:/UnrealProjects/Crownless/Crownless/Content/Mannequin/Character/Materials/M_UE4Man_ChestLogo.uexp" 47
"E:/UnrealProjects/Crownless/Crownless/Content/Mannequin/Character/Textures/T_Female_N.uasset" 48
"E:/UnrealProjects/Crownless/Crownless/Content/Mannequin/Character/Textures/T_Female_N.uexp" 49
"E:/UnrealProjects/Crownless/Crownless/Content/Mannequin/Character/Textures/T_Female_N.ubulk" 50
"E:/UnrealProjects/Crownless/Crownless/Content/Mannequin/Character/Textures/T_Female_Mask.uasset" 51
"E:/UnrealProjects/Crownless/Crownless/Content/Mannequin/Character/Textures/T_Female_Mask.uexp" 52
"E:/UnrealProjects/Crownless/Crownless/Content/Mannequin/Character/Textures/T_Female_Mask.ubulk" 53
"E:/UnrealProjects/Crownless/Crownless/Content/Mannequin/Character/Materials/MI_Female_Body.uasset" 54
"E:/UnrealProjects/Crownless/Crownless/Content/Mannequin/Character/Materials/MI_Female_Body.uexp" 55
"E:/UnrealProjects/Crownless/Crownless/Content/Mannequin/Character/Mesh/SK_Mannequin_Female.uasset" 56
"E:/UnrealProjects/Crownless/Crownless/Content/Mannequin/Character/Mesh/SK_Mannequin_Female.uexp" 57
"E:/UnrealProjects/Crownless/Crownless/Content/Materials/Default/CubeMaterial.uasset" 58
"E:/UnrealProjects/Crownless/Crownless/Content/Materials/Default/CubeMaterial.uexp" 59
"E:/UnrealProjects/Crownless/Crownless/Content/Meshes/Default/1M_Cube.uasset" 60
"E:/UnrealProjects/Crownless/Crownless/Content/Meshes/Default/1M_Cube.uexp" 61
"E:/UnrealProjects/Crownless/Crownless/Content/Meshes/Default/1M_Cube_Chamfer.uasset" 62
"E:/UnrealProjects/Crownless/Crownless/Content/Meshes/Default/1M_Cube_Chamfer.uexp" 63
"E:/UnrealProjects/Crownless/Crownless/Content/Materials/Default/RampMaterial.uasset" 64
"E:/UnrealProjects/Crownless/Crownless/Content/Materials/Default/RampMaterial.uexp" 65
"E:/UnrealProjects/Crownless/Crownless/Content/Meshes/Default/Bump_StaticMesh.uasset" 66
"E:/UnrealProjects/Crownless/Crownless/Content/Meshes/Default/Bump_StaticMesh.uexp" 67
"E:/UnrealProjects/Crownless/Crownless/Content/Meshes/Default/LeftArm_StaticMesh.uasset" 68
"E:/UnrealProjects/Crownless/Crownless/Content/Meshes/Default/LeftArm_StaticMesh.uexp" 69
"E:/UnrealProjects/Crownless/Crownless/Content/Meshes/Default/Linear_Stair_StaticMesh.uasset" 70
"E:/UnrealProjects/Crownless/Crownless/Content/Meshes/Default/Linear_Stair_StaticMesh.uexp" 71
"E:/UnrealProjects/Crownless/Crownless/Content/Meshes/Default/Ramp_StaticMesh.uasset" 72
"E:/UnrealProjects/Crownless/Crownless/Content/Meshes/Default/Ramp_StaticMesh.uexp" 73
"E:/UnrealProjects/Crownless/Crownless/Content/Meshes/Default/RightArm_StaticMesh.uasset" 74
"E:/UnrealProjects/Crownless/Crownless/Content/Meshes/Default/RightArm_StaticMesh.uexp" 75
"E:/UnrealProjects/Crownless/Crownless/Content/Meshes/Default/TemplateFloor.uasset" 76
"E:/UnrealProjects/Crownless/Crownless/Content/Meshes/Default/TemplateFloor.uexp" 77
"../../../Engine/Content/Animation/DefaultAnimBoneCompressionSettings.uasset" 78
"../../../Engine/Content/Animation/DefaultAnimBoneCompressionSettings.uexp" 79
"../../../Engine/Content/Animation/DefaultAnimCurveCompressionSettings.uasset" 80
"../../../Engine/Content/Animation/DefaultAnimCurveCompressionSettings.uexp" 81
"../../../Engine/Content/Functions/Engine_MaterialFunctions01/Opacity/CameraDepthFade.uasset" 82
"../../../Engine/Content/Functions/Engine_MaterialFunctions01/Opacity/CameraDepthFade.uexp" 83
"../../../Engine/Content/EngineMaterials/T_Default_Material_Grid_N.uasset" 84
"../../../Engine/Content/EngineMaterials/T_Default_Material_Grid_N.uexp" 85
"../../../Engine/Content/EngineMaterials/T_Default_Material_Grid_N.ubulk" 86
"../../../Engine/Content/EngineMaterials/T_Default_Material_Grid_M.uasset" 87
"../../../Engine/Content/EngineMaterials/T_Default_Material_Grid_M.uexp" 88
"../../../Engine/Content/EngineMaterials/T_Default_Material_Grid_M.ubulk" 89
"../../../Engine/Content/EngineMaterials/WorldGridMaterial.uasset" 90
"../../../Engine/Content/EngineMaterials/WorldGridMaterial.uexp" 91
"../../../Engine/Content/ArtTools/RenderToTexture/Meshes/S_1_Unit_Plane.uasset" 92
"../../../Engine/Content/ArtTools/RenderToTexture/Meshes/S_1_Unit_Plane.uexp" 93
"../../../Engine/Content/EngineMaterials/DefaultMaterial.uasset" 94
"../../../Engine/Content/EngineMaterials/DefaultMaterial.uexp" 95
"../../../Engine/Content/BasicShapes/Cone.uasset" 96
"../../../Engine/Content/BasicShapes/Cone.uexp" 97
"../../../Engine/Content/BasicShapes/Plane.uasset" 98
"../../../Engine/Content/BasicShapes/Plane.uexp" 99
"../../../Engine/Content/BasicShapes/Sphere.uasset" 100
"../../../Engine/Content/BasicShapes/Sphere.uexp" 101
"../../../Engine/Content/EditorLandscapeResources/DataLayer.uasset" 102
"../../../Engine/Content/EditorLandscapeResources/DataLayer.uexp" 103
"../../../Engine/Content/EditorLandscapeResources/DefaultAlphaTexture.uasset" 104
"../../../Engine/Content/EditorLandscapeResources/DefaultAlphaTexture.uexp" 105
"../../../Engine/Content/EditorMaterials/MAT_Groups_Toggle.uasset" 106
"../../../Engine/Content/EditorMaterials/MAT_Groups_Toggle.uexp" 107
"../../../Engine/Content/EditorMaterials/MAT_Groups_Visibility.uasset" 108
"../../../Engine/Content/EditorMaterials/MAT_Groups_Visibility.uexp" 109
"../../../Engine/Content/EditorMaterials/PreviewShadowIndicator.uasset" 110
"../../../Engine/Content/EditorMaterials/PreviewShadowIndicator.uexp" 111
"../../../Engine/Content/EditorMaterials/PreviewShadowIndicator.ubulk" 112
"../../../Engine/Content/EditorMaterials/PreviewShadowIndicatorMaterial.uasset" 113
"../../../Engine/Content/EditorMaterials/PreviewShadowIndicatorMaterial.uexp" 114
"../../../Engine/Content/EditorMaterials/MatineeGroups/MAT_ColorTrack.uasset" 115
"../../../Engine/Content/EditorMaterials/MatineeGroups/MAT_ColorTrack.uexp" 116
"../../../Engine/Content/EditorMaterials/MatineeGroups/MAT_Groups_Anim.uasset" 117
"../../../Engine/Content/EditorMaterials/MatineeGroups/MAT_Groups_Anim.uexp" 118
"../../../Engine/Content/EditorMaterials/MatineeGroups/MAT_Groups_AudioMaster.uasset" 119
"../../../Engine/Content/EditorMaterials/MatineeGroups/MAT_Groups_AudioMaster.uexp" 120
"../../../Engine/Content/EditorMaterials/MatineeGroups/MAT_Groups_Director.uasset" 121
"../../../Engine/Content/EditorMaterials/MatineeGroups/MAT_Groups_Director.uexp" 122
"../../../Engine/Content/EditorMaterials/MatineeGroups/MAT_Groups_Event.uasset" 123
"../../../Engine/Content/EditorMaterials/MatineeGroups/MAT_Groups_Event.uexp" 124
"../../../Engine/Content/EditorMaterials/MatineeGroups/MAT_Groups_Fade.uasset" 125
"../../../Engine/Content/EditorMaterials/MatineeGroups/MAT_Groups_Fade.uexp" 126
"../../../Engine/Content/EditorMaterials/MatineeGroups/MAT_Groups_Float.uasset" 127
"../../../Engine/Content/EditorMaterials/MatineeGroups/MAT_Groups_Float.uexp" 128
"../../../Engine/Content/EditorMaterials/MatineeGroups/MAT_Groups_Move.uasset" 129
"../../../Engine/Content/EditorMaterials/MatineeGroups/MAT_Groups_Move.uexp" 130
"../../../Engine/Content/EditorMaterials/MatineeGroups/MAT_Groups_Slomo.uasset" 131
"../../../Engine/Content/EditorMaterials/MatineeGroups/MAT_Groups_Slomo.uexp" 132
"../../../Engine/Content/EditorMaterials/MatineeGroups/MAT_Groups_Sound.uasset" 133
"../../../Engine/Content/EditorMaterials/MatineeGroups/MAT_Groups_Sound.uexp" 134
"../../../Engine/Content/EditorMaterials/MatineeGroups/MAT_Groups_Vector.uasset" 135
"../../../Engine/Content/EditorMaterials/MatineeGroups/MAT_Groups_Vector.uexp" 136
"../../../Engine/Content/EditorMaterials/ParticleSystems/PSysThumbnail_NoImage.uasset" 137
"../../../Engine/Content/EditorMaterials/ParticleSystems/PSysThumbnail_NoImage.uexp" 138
"../../../Engine/Content/EditorMaterials/ParticleSystems/PSysThumbnail_NoImage.ubulk" 139
"../../../Engine/Content/EditorMaterials/ParticleSystems/PSysThumbnail_OOD.uasset" 140
"../../../Engine/Content/EditorMaterials/ParticleSystems/PSysThumbnail_OOD.uexp" 141
"../../../Engine/Content/EditorMaterials/ParticleSystems/PSysThumbnail_OOD.ubulk" 142
"../../../Engine/Content/EditorMaterials/Camera/CineMat.uasset" 143
"../../../Engine/Content/EditorMaterials/Camera/CineMat.uexp" 144
"../../../Engine/Content/EditorMaterials/Camera/MI_CineMat_Rig.uasset" 145
"../../../Engine/Content/EditorMaterials/Camera/MI_CineMat_Rig.uexp" 146
"../../../Engine/Content/EditorMeshes/Camera/SM_CraneRig_Arm.uasset" 147
"../../../Engine/Content/EditorMeshes/Camera/SM_CraneRig_Arm.uexp" 148
"../../../Engine/Content/EditorMeshes/Camera/SM_CraneRig_Base.uasset" 149
"../../../Engine/Content/EditorMeshes/Camera/SM_CraneRig_Base.uexp" 150
"../../../Engine/Content/EditorMeshes/Camera/SM_CraneRig_Body.uasset" 151
"../../../Engine/Content/EditorMeshes/Camera/SM_CraneRig_Body.uexp" 152
"../../../Engine/Content/EditorMeshes/Camera/SM_CraneRig_Mount.uasset" 153
"../../../Engine/Content/EditorMeshes/Camera/SM_CraneRig_Mount.uexp" 154
"../../../Engine/Content/EditorMeshes/Camera/SM_RailRig_Mount.uasset" 155
"../../../Engine/Content/EditorMeshes/Camera/SM_RailRig_Mount.uexp" 156
"../../../Engine/Content/EditorMeshes/Camera/SM_RailRig_Track.uasset" 157
"../../../Engine/Content/EditorMeshes/Camera/SM_RailRig_Track.uexp" 158
"../../../Engine/Content/EditorResources/BSPVertex.uasset" 159
"../../../Engine/Content/EditorResources/BSPVertex.uexp" 160
"../../../Engine/Content/EditorResources/EmptyActor.uasset" 161
"../../../Engine/Content/EditorResources/EmptyActor.uexp" 162
"../../../Engine/Content/EditorResources/S_Actor.uasset" 163
"../../../Engine/Content/EditorResources/S_Actor.uexp" 164
"../../../Engine/Content/EditorResources/S_Actor.ubulk" 165
"../../../Engine/Content/EditorResources/S_Note.uasset" 166
"../../../Engine/Content/EditorResources/S_Note.uexp" 167
"../../../Engine/Content/EditorResources/S_Note.ubulk" 168
"../../../Engine/Content/EditorResources/S_Solver.uasset" 169
"../../../Engine/Content/EditorResources/S_Solver.uexp" 170
"../../../Engine/Content/EditorResources/S_Solver.ubulk" 171
"../../../Engine/Content/EditorResources/S_Terrain.uasset" 172
"../../../Engine/Content/EditorResources/S_Terrain.uexp" 173
"../../../Engine/Content/EditorResources/S_Terrain.ubulk" 174
"../../../Engine/Content/EditorResources/S_Trigger.uasset" 175
"../../../Engine/Content/EditorResources/S_Trigger.uexp" 176
"../../../Engine/Content/EditorResources/S_Trigger.ubulk" 177
"../../../Engine/Content/EditorResources/LightIcons/S_LightError.uasset" 178
"../../../Engine/Content/EditorResources/LightIcons/S_LightError.uexp" 179
"../../../Engine/Content/EditorResources/SequenceRecorder/Countdown.uasset" 180
"../../../Engine/Content/EditorResources/SequenceRecorder/Countdown.uexp" 181
"../../../Engine/Content/EditorResources/SequenceRecorder/RecordingIndicator.uasset" 182
"../../../Engine/Content/EditorResources/SequenceRecorder/RecordingIndicator.uexp" 183
"../../../Engine/Content/EngineDamageTypes/DmgTypeBP_Environmental.uasset" 184
"../../../Engine/Content/EngineDamageTypes/DmgTypeBP_Environmental.uexp" 185
"../../../Engine/Content/EngineDebugMaterials/DebugEditorMaterial.uasset" 186
"../../../Engine/Content/EngineDebugMaterials/DebugEditorMaterial.uexp" 187
"../../../Engine/Content/EngineDebugMaterials/DebugMeshMaterial.uasset" 188
"../../../Engine/Content/EngineDebugMaterials/DebugMeshMaterial.uexp" 189
"../../../Engine/Content/EngineDebugMaterials/M_SimpleUnlitTranslucent.uasset" 190
"../../../Engine/Content/EngineDebugMaterials/M_SimpleUnlitTranslucent.uexp" 191
"../../../Engine/Content/EngineDebugMaterials/VolumeToRender.uasset" 192
"../../../Engine/Content/EngineDebugMaterials/VolumeToRender.uexp" 193
"../../../Engine/Content/Functions/Engine_MaterialFunctions02/Utility/CameraDirectionVector.uasset" 194
"../../../Engine/Content/Functions/Engine_MaterialFunctions02/Utility/CameraDirectionVector.uexp" 195
"../../../Engine/Content/EngineDebugMaterials/M_VolumeRenderSphereTracePP.uasset" 196
"../../../Engine/Content/EngineDebugMaterials/M_VolumeRenderSphereTracePP.uexp" 197
"../../../Engine/Content/Functions/Engine_MaterialFunctions01/Shading/ConvertFromDiffSpec.uasset" 198
"../../../Engine/Content/Functions/Engine_MaterialFunctions01/Shading/ConvertFromDiffSpec.uexp" 199
"../../../Engine/Content/EngineDebugMaterials/VertexColorMaterial.uasset" 200
"../../../Engine/Content/EngineDebugMaterials/VertexColorMaterial.uexp" 201
"../../../Engine/Content/EngineDebugMaterials/WireframeMaterial.uasset" 202
"../../../Engine/Content/EngineDebugMaterials/WireframeMaterial.uexp" 203
"../../../Engine/Content/EngineFonts/Faces/RobotoRegular.uasset" 204
"../../../Engine/Content/EngineFonts/Faces/RobotoRegular.uexp" 205
"../../../Engine/Content/EngineFonts/Faces/RobotoRegular.ufont" 206
"../../../Engine/Content/EngineFonts/Faces/RobotoLight.uasset" 207
"../../../Engine/Content/EngineFonts/Faces/RobotoLight.uexp" 208
"../../../Engine/Content/EngineFonts/Faces/RobotoLight.ufont" 209
"../../../Engine/Content/EngineFonts/Faces/RobotoItalic.uasset" 210
"../../../Engine/Content/EngineFonts/Faces/RobotoItalic.uexp" 211
"../../../Engine/Content/EngineFonts/Faces/RobotoItalic.ufont" 212
"../../../Engine/Content/EngineFonts/Faces/RobotoBoldItalic.uasset" 213
"../../../Engine/Content/EngineFonts/Faces/RobotoBoldItalic.uexp" 214
"../../../Engine/Content/EngineFonts/Faces/RobotoBoldItalic.ufont" 215
"../../../Engine/Content/EngineFonts/Faces/RobotoBold.uasset" 216
"../../../Engine/Content/EngineFonts/Faces/RobotoBold.uexp" 217
"../../../Engine/Content/EngineFonts/Faces/RobotoBold.ufont" 218
"../../../Engine/Content/EngineFonts/Faces/DroidSansFallback.uasset" 219
"../../../Engine/Content/EngineFonts/Faces/DroidSansFallback.uexp" 220
"../../../Engine/Content/EngineFonts/Faces/DroidSansFallback.ufont" 221
"../../../Engine/Content/EngineFonts/Roboto.uasset" 222
"../../../Engine/Content/EngineFonts/Roboto.uexp" 223
"../../../Engine/Content/EngineMaterials/BaseFlattenDiffuseMap.uasset" 224
"../../../Engine/Content/EngineMaterials/BaseFlattenDiffuseMap.uexp" 225
"../../../Engine/Content/EngineMaterials/BaseFlattenNormalMap.uasset" 226
"../../../Engine/Content/EngineMaterials/BaseFlattenNormalMap.uexp" 227
"../../../Engine/Content/EngineMaterials/BaseFlattenGrayscaleMap.uasset" 228
"../../../Engine/Content/EngineMaterials/BaseFlattenGrayscaleMap.uexp" 229
"../../../Engine/Content/EngineMaterials/BaseFlattenEmissiveMap.uasset" 230
"../../../Engine/Content/EngineMaterials/BaseFlattenEmissiveMap.uexp" 231
"../../../Engine/Content/EngineMaterials/BaseFlattenMaterial.uasset" 232
"../../../Engine/Content/EngineMaterials/BaseFlattenMaterial.uexp" 233
"../../../Engine/Content/EngineMaterials/BlueNoise.uasset" 234
"../../../Engine/Content/EngineMaterials/BlueNoise.uexp" 235
"../../../Engine/Content/EngineMaterials/DefaultBloomKernel.uasset" 236
"../../../Engine/Content/EngineMaterials/DefaultBloomKernel.uexp" 237
"../../../Engine/Content/EngineMaterials/DefaultBokeh.uasset" 238
"../../../Engine/Content/EngineMaterials/DefaultBokeh.uexp" 239
"../../../Engine/Content/EngineMaterials/DefaultDiffuse.uasset" 240
"../../../Engine/Content/EngineMaterials/DefaultDiffuse.uexp" 241
"../../../Engine/Content/EngineMaterials/DefaultDiffuse.ubulk" 242
"../../../Engine/Content/EngineMaterials/DefaultDeferredDecalMaterial.uasset" 243
"../../../Engine/Content/EngineMaterials/DefaultDeferredDecalMaterial.uexp" 244
"../../../Engine/Content/EngineMaterials/DefaultLightFunctionMaterial.uasset" 245
"../../../Engine/Content/EngineMaterials/DefaultLightFunctionMaterial.uexp" 246
"../../../Engine/Content/Functions/Engine_MaterialFunctions02/Utility/BreakOutFloat2Components.uasset" 247
"../../../Engine/Content/Functions/Engine_MaterialFunctions02/Utility/BreakOutFloat2Components.uexp" 248
"../../../Engine/Content/EngineMaterials/DefaultPostProcessMaterial.uasset" 249
"../../../Engine/Content/EngineMaterials/DefaultPostProcessMaterial.uexp" 250
"../../../Engine/Content/EngineFonts/RobotoDistanceField.uasset" 251
"../../../Engine/Content/EngineFonts/RobotoDistanceField.uexp" 252
"../../../Engine/Content/EngineMaterials/DefaultTextMaterialOpaque.uasset" 253
"../../../Engine/Content/EngineMaterials/DefaultTextMaterialOpaque.uexp" 254
"../../../Engine/Content/EngineMaterials/DefaultWhiteGrid.uasset" 255
"../../../Engine/Content/EngineMaterials/DefaultWhiteGrid.uexp" 256
"../../../Engine/Content/EngineMaterials/DefaultWhiteGrid.ubulk" 257
"../../../Engine/Content/EngineMaterials/DefaultWhiteGrid_Low.uasset" 258
"../../../Engine/Content/EngineMaterials/DefaultWhiteGrid_Low.uexp" 259
"../../../Engine/Content/EngineMaterials/EmissiveMeshMaterial.uasset" 260
"../../../Engine/Content/EngineMaterials/EmissiveMeshMaterial.uexp" 261
"../../../Engine/Content/EngineMaterials/GizmoMaterial.uasset" 262
"../../../Engine/Content/EngineMaterials/GizmoMaterial.uexp" 263
"../../../Engine/Content/EngineMaterials/Good64x64TilingNoiseHighFreq.uasset" 264
"../../../Engine/Content/EngineMaterials/Good64x64TilingNoiseHighFreq.uexp" 265
"../../../Engine/Content/EngineMaterials/MiniFont.uasset" 266
"../../../Engine/Content/EngineMaterials/MiniFont.uexp" 267
"../../../Engine/Content/EngineMaterials/InvalidLightmapSettings.uasset" 268
"../../../Engine/Content/EngineMaterials/InvalidLightmapSettings.uexp" 269
"../../../Engine/Content/EngineMaterials/InvalidLightmapSettings.ubulk" 270
"../../../Engine/Content/EngineMaterials/M_InvalidLightmapSettings.uasset" 271
"../../../Engine/Content/EngineMaterials/M_InvalidLightmapSettings.uexp" 272
"../../../Engine/Content/Functions/Engine_MaterialFunctions02/WorldPositionOffset/CameraOffset.uasset" 273
"../../../Engine/Content/Functions/Engine_MaterialFunctions02/WorldPositionOffset/CameraOffset.uexp" 274
"../../../Engine/Content/EngineMaterials/PhAT_JointLimitMaterial.uasset" 275
"../../../Engine/Content/EngineMaterials/PhAT_JointLimitMaterial.uexp" 276
"../../../Engine/Content/EngineMaterials/DefaultCalibrationColor.uasset" 277
"../../../Engine/Content/EngineMaterials/DefaultCalibrationColor.uexp" 278
"../../../Engine/Content/EngineMaterials/PPM_DefaultCalibrationColor.uasset" 279
"../../../Engine/Content/EngineMaterials/PPM_DefaultCalibrationColor.uexp" 280
"../../../Engine/Content/EngineMaterials/DefaultCalibrationGrayscale.uasset" 281
"../../../Engine/Content/EngineMaterials/DefaultCalibrationGrayscale.uexp" 282
"../../../Engine/Content/EngineMaterials/PPM_DefaultCalibrationGrayscale.uasset" 283
"../../../Engine/Content/EngineMaterials/PPM_DefaultCalibrationGrayscale.uexp" 284
"../../../Engine/Content/EngineMaterials/PreintegratedSkinBRDF.uasset" 285
"../../../Engine/Content/EngineMaterials/PreintegratedSkinBRDF.uexp" 286
"../../../Engine/Content/EngineMaterials/RemoveSurfaceMaterial.uasset" 287
"../../../Engine/Content/EngineMaterials/RemoveSurfaceMaterial.uexp" 288
"../../../Engine/Content/EngineMaterials/WeightMapPlaceholderTexture.uasset" 289
"../../../Engine/Content/EngineMaterials/WeightMapPlaceholderTexture.uexp" 290
"../../../Engine/Content/EngineResources/WhiteSquareTexture.uasset" 291
"../../../Engine/Content/EngineResources/WhiteSquareTexture.uexp" 292
"../../../Engine/Content/EngineMaterials/Widget3DPassThrough.uasset" 293
"../../../Engine/Content/EngineMaterials/Widget3DPassThrough.uexp" 294
"../../../Engine/Content/EngineMaterials/Widget3DPassThrough_Masked.uasset" 295
"../../../Engine/Content/EngineMaterials/Widget3DPassThrough_Masked.uexp" 296
"../../../Engine/Content/EngineMaterials/Widget3DPassThrough_Opaque.uasset" 297
"../../../Engine/Content/EngineMaterials/Widget3DPassThrough_Opaque.uexp" 298
"../../../Engine/Content/EngineMaterials/Widget3DPassThrough_Masked_OneSided.uasset" 299
"../../../Engine/Content/EngineMaterials/Widget3DPassThrough_Masked_OneSided.uexp" 300
"../../../Engine/Content/EngineMaterials/Widget3DPassThrough_Opaque_OneSided.uasset" 301
"../../../Engine/Content/EngineMaterials/Widget3DPassThrough_Opaque_OneSided.uexp" 302
"../../../Engine/Content/EngineMaterials/Widget3DPassThrough_Translucent.uasset" 303
"../../../Engine/Content/EngineMaterials/Widget3DPassThrough_Translucent.uexp" 304
"../../../Engine/Content/EngineMaterials/Widget3DPassThrough_Translucent_OneSided.uasset" 305
"../../../Engine/Content/EngineMaterials/Widget3DPassThrough_Translucent_OneSided.uexp" 306
"../../../Engine/Content/EngineMeshes/Cylinder.uasset" 307
"../../../Engine/Content/EngineMeshes/Cylinder.uexp" 308
"../../../Engine/Content/EngineMeshes/Sphere.uasset" 309
"../../../Engine/Content/EngineMeshes/Sphere.uexp" 310
"../../../Engine/Content/EngineResources/DefaultTexture.uasset" 311
"../../../Engine/Content/EngineResources/DefaultTexture.uexp" 312
"../../../Engine/Content/EngineResources/DefaultTexture.ubulk" 313
"../../../Engine/Content/EngineResources/DefaultTextureCube.uasset" 314
"../../../Engine/Content/EngineResources/DefaultTextureCube.uexp" 315
"../../../Engine/Content/EngineResources/DefaultVolumeTexture2D.uasset" 316
"../../../Engine/Content/EngineResources/DefaultVolumeTexture2D.uexp" 317
"../../../Engine/Content/EngineResources/DefaultVolumeTexture.uasset" 318
"../../../Engine/Content/EngineResources/DefaultVolumeTexture.uexp" 319
"../../../Engine/Content/EngineResources/GradientTexture0.uasset" 320
"../../../Engine/Content/EngineResources/GradientTexture0.uexp" 321
"../../../Engine/Content/EngineSky/VolumetricClouds/T_NoiseShape64.uasset" 322
"../../../Engine/Content/EngineSky/VolumetricClouds/T_NoiseShape64.uexp" 323
"../../../Engine/Content/EngineSky/VolumetricClouds/T_NoiseShape64.ubulk" 324
"../../../Engine/Content/EngineSky/VolumetricClouds/T_VolumeNoiseShape64.uasset" 325
"../../../Engine/Content/EngineSky/VolumetricClouds/T_VolumeNoiseShape64.uexp" 326
"../../../Engine/Content/EngineSky/VolumetricClouds/T_NoiseErosion.uasset" 327
"../../../Engine/Content/EngineSky/VolumetricClouds/T_NoiseErosion.uexp" 328
"../../../Engine/Content/EngineSky/VolumetricClouds/T_NoiseErosion.ubulk" 329
"../../../Engine/Content/EngineSky/VolumetricClouds/T_VolumeNoiseErosion32.uasset" 330
"../../../Engine/Content/EngineSky/VolumetricClouds/T_VolumeNoiseErosion32.uexp" 331
"../../../Engine/Content/EngineSky/VolumetricClouds/CloudWeatherTexture.uasset" 332
"../../../Engine/Content/EngineSky/VolumetricClouds/CloudWeatherTexture.uexp" 333
"../../../Engine/Content/EngineSky/VolumetricClouds/CloudGradientTexture.uasset" 334
"../../../Engine/Content/EngineSky/VolumetricClouds/CloudGradientTexture.uexp" 335
"../../../Engine/Content/Functions/Engine_MaterialFunctions02/Utility/MakeFloat2.uasset" 336
"../../../Engine/Content/Functions/Engine_MaterialFunctions02/Utility/MakeFloat2.uexp" 337
"../../../Engine/Content/EngineSky/VolumetricClouds/m_SimpleVolumetricCloud.uasset" 338
"../../../Engine/Content/EngineSky/VolumetricClouds/m_SimpleVolumetricCloud.uexp" 339
"../../../Engine/Content/EngineSky/VolumetricClouds/m_SimpleVolumetricCloud_Inst.uasset" 340
"../../../Engine/Content/EngineSky/VolumetricClouds/m_SimpleVolumetricCloud_Inst.uexp" 341
"../../../Engine/Content/EngineSounds/Master.uasset" 342
"../../../Engine/Content/EngineSounds/Master.uexp" 343
"../../../Engine/Content/Functions/Engine_MaterialFunctions01/Shading/PowerToRoughness.uasset" 344
"../../../Engine/Content/Functions/Engine_MaterialFunctions01/Shading/PowerToRoughness.uexp" 345
"../../../Engine/Content/Maps/Templates/Thumbnails/Default.uasset" 346
"../../../Engine/Content/Maps/Templates/Thumbnails/Default.uexp" 347
"../../../Engine/Content/Maps/Templates/Thumbnails/TimeOfDay.uasset" 348
"../../../Engine/Content/Maps/Templates/Thumbnails/TimeOfDay.uexp" 349
"../../../Engine/Content/Maps/Templates/Thumbnails/VR-Basic.uasset" 350
"../../../Engine/Content/Maps/Templates/Thumbnails/VR-Basic.uexp" 351
"../../../Engine/Content/MobileResources/T_MobileControls_texture.uasset" 352
"../../../Engine/Content/MobileResources/T_MobileControls_texture.uexp" 353
"../../../Engine/Content/MobileResources/T_MobileMenu2.uasset" 354
"../../../Engine/Content/MobileResources/T_MobileMenu2.uexp" 355
"../../../Engine/Content/MobileResources/HUD/AnalogHat.uasset" 356
"../../../Engine/Content/MobileResources/HUD/AnalogHat.uexp" 357
"../../../Engine/Content/MobileResources/HUD/VirtualJoystick_Thumb.uasset" 358
"../../../Engine/Content/MobileResources/HUD/VirtualJoystick_Thumb.uexp" 359
"../../../Engine/Content/MobileResources/HUD/VirtualJoystick_Background.uasset" 360
"../../../Engine/Content/MobileResources/HUD/VirtualJoystick_Background.uexp" 361
"../../../Engine/Content/MobileResources/HUD/DefaultVirtualJoysticks.uasset" 362
"../../../Engine/Content/MobileResources/HUD/DefaultVirtualJoysticks.uexp" 363
"../../../Engine/Content/MobileResources/HUD/LeftVirtualJoystickOnly.uasset" 364
"../../../Engine/Content/MobileResources/HUD/LeftVirtualJoystickOnly.uexp" 365
"../../../Engine/Content/MobileResources/HUD/MobileHUDButton1_off.uasset" 366
"../../../Engine/Content/MobileResources/HUD/MobileHUDButton1_off.uexp" 367
"../../../Engine/Content/MobileResources/HUD/MobileHUDButton1_on.uasset" 368
"../../../Engine/Content/MobileResources/HUD/MobileHUDButton1_on.uexp" 369
"../../../Engine/Content/MobileResources/HUD/MobileHUDButton2_off.uasset" 370
"../../../Engine/Content/MobileResources/HUD/MobileHUDButton2_off.uexp" 371
"../../../Engine/Content/MobileResources/HUD/MobileHUDButton2_on.uasset" 372
"../../../Engine/Content/MobileResources/HUD/MobileHUDButton2_on.uexp" 373
"../../../Engine/Content/MobileResources/HUD/MobileHUDButton3.uasset" 374
"../../../Engine/Content/MobileResources/HUD/MobileHUDButton3.uexp" 375
"../../../Engine/Content/MobileResources/HUD/MobileHUDButtonFire.uasset" 376
"../../../Engine/Content/MobileResources/HUD/MobileHUDButtonFire.uexp" 377
"../../../Engine/Content/MobileResources/HUD/MobileHUDDirectionPad.uasset" 378
"../../../Engine/Content/MobileResources/HUD/MobileHUDDirectionPad.uexp" 379
"../../../Engine/Content/MobileResources/HUD/MobileHUDDirectionPad2.uasset" 380
"../../../Engine/Content/MobileResources/HUD/MobileHUDDirectionPad2.uexp" 381
"../../../Engine/Content/MobileResources/HUD/MobileHUDDirectionPad3.uasset" 382
"../../../Engine/Content/MobileResources/HUD/MobileHUDDirectionPad3.uexp" 383
"../../../Engine/Content/MobileResources/HUD/MobileHUDDirectionStick.uasset" 384
"../../../Engine/Content/MobileResources/HUD/MobileHUDDirectionStick.uexp" 385
"../../../Engine/Content/MobileResources/HUD/T_Castle_ThumbstickInner.uasset" 386
"../../../Engine/Content/MobileResources/HUD/T_Castle_ThumbstickInner.uexp" 387
"../../../Engine/Content/MobileResources/HUD/T_Castle_ThumbstickOutter.uasset" 388
"../../../Engine/Content/MobileResources/HUD/T_Castle_ThumbstickOutter.uexp" 389
"../../../Engine/Content/Tutorial/ContentIntroCurve.uasset" 390
"../../../Engine/Content/Tutorial/ContentIntroCurve.uexp" 391
"../../../Engine/Content/VREditor/TransformGizmo/TranslucentTransformGizmoMaterial.uasset" 392
"../../../Engine/Content/VREditor/TransformGizmo/TranslucentTransformGizmoMaterial.uexp" 393
"../../../Engine/Content/VREditor/LaserPointer/VR_LaserPower_01.uasset" 394
"../../../Engine/Content/VREditor/LaserPointer/VR_LaserPower_01.uexp" 395
"../../../Engine/Content/VREditor/LaserPointer/VR_LaserPower_01.ubulk" 396
"../../../Engine/Content/VREditor/TransformGizmo/TransformGizmoMaterial.uasset" 397
"../../../Engine/Content/VREditor/TransformGizmo/TransformGizmoMaterial.uexp" 398
"../../../Engine/Content/VREditor/TransformGizmo/BoundingBoxCorner.uasset" 399
"../../../Engine/Content/VREditor/TransformGizmo/BoundingBoxCorner.uexp" 400
"../../../Engine/Content/VREditor/TransformGizmo/BoundingBoxEdge.uasset" 401
"../../../Engine/Content/VREditor/TransformGizmo/BoundingBoxEdge.uexp" 402
"../../../Engine/Content/VREditor/TransformGizmo/PlaneTranslationHandle.uasset" 403
"../../../Engine/Content/VREditor/TransformGizmo/PlaneTranslationHandle.uexp" 404
"../../../Engine/Content/VREditor/TransformGizmo/Xray.uasset" 405
"../../../Engine/Content/VREditor/TransformGizmo/Xray.uexp" 406
"../../../Engine/Content/VREditor/TransformGizmo/Main.uasset" 407
"../../../Engine/Content/VREditor/TransformGizmo/Main.uexp" 408
"../../../Engine/Content/VREditor/TransformGizmo/SM_Sequencer_Key.uasset" 409
"../../../Engine/Content/VREditor/TransformGizmo/SM_Sequencer_Key.uexp" 410
"../../../Engine/Content/VREditor/TransformGizmo/SM_Sequencer_Node.uasset" 411
"../../../Engine/Content/VREditor/TransformGizmo/SM_Sequencer_Node.uexp" 412
"../../../Engine/Plugins/2D/Paper2D/Content/PlaceholderTextures/DummySpriteTexture.uasset" 413
"../../../Engine/Plugins/2D/Paper2D/Content/PlaceholderTextures/DummySpriteTexture.uexp" 414
"../../../Engine/Plugins/2D/Paper2D/Content/PlaceholderTextures/DummySpriteTexture.ubulk" 415
"../../../Engine/Plugins/2D/Paper2D/Content/DummySprite.uasset" 416
"../../../Engine/Plugins/2D/Paper2D/Content/DummySprite.uexp" 417
"../../../Engine/Plugins/2D/Paper2D/Content/DefaultPaperTerrainMaterial.uasset" 418
"../../../Engine/Plugins/2D/Paper2D/Content/DefaultPaperTerrainMaterial.uexp" 419
"../../../Engine/Plugins/2D/Paper2D/Content/DefaultSpriteMaterial.uasset" 420
"../../../Engine/Plugins/2D/Paper2D/Content/DefaultSpriteMaterial.uexp" 421
"../../../Engine/Plugins/2D/Paper2D/Content/MaskedUnlitSpriteMaterial.uasset" 422
"../../../Engine/Plugins/2D/Paper2D/Content/MaskedUnlitSpriteMaterial.uexp" 423
"../../../Engine/Plugins/2D/Paper2D/Content/OpaqueUnlitSpriteMaterial.uasset" 424
"../../../Engine/Plugins/2D/Paper2D/Content/OpaqueUnlitSpriteMaterial.uexp" 425
"../../../Engine/Content/Functions/Engine_MaterialFunctions02/Utility/BreakOutFloat3Components.uasset" 426
"../../../Engine/Content/Functions/Engine_MaterialFunctions02/Utility/BreakOutFloat3Components.uexp" 427
"../../../Engine/Plugins/Editor/SpeedTreeImporter/Content/SpeedTree9/UnpackInteger3.uasset" 428
"../../../Engine/Plugins/Editor/SpeedTreeImporter/Content/SpeedTree9/UnpackInteger3.uexp" 429
"../../../Engine/Plugins/Editor/SpeedTreeImporter/Content/SpeedTree9/UnpackDirection.uasset" 430
"../../../Engine/Plugins/Editor/SpeedTreeImporter/Content/SpeedTree9/UnpackDirection.uexp" 431
"../../../Engine/Plugins/Editor/SpeedTreeImporter/Content/SpeedTree9/game_wind_noise.uasset" 432
"../../../Engine/Plugins/Editor/SpeedTreeImporter/Content/SpeedTree9/game_wind_noise.uexp" 433
"../../../Engine/Plugins/Editor/SpeedTreeImporter/Content/SpeedTree9/game_wind_noise.ubulk" 434
"../../../Engine/Content/Functions/Engine_MaterialFunctions02/SafeNormalize.uasset" 435
"../../../Engine/Content/Functions/Engine_MaterialFunctions02/SafeNormalize.uexp" 436
"../../../Engine/Plugins/Editor/SpeedTreeImporter/Content/SpeedTree9/SpeedTreeWindMotion.uasset" 437
"../../../Engine/Plugins/Editor/SpeedTreeImporter/Content/SpeedTree9/SpeedTreeWindMotion.uexp" 438
"../../../Engine/Plugins/Editor/SpeedTreeImporter/Content/SpeedTree9/SpeedTreeBranchMotion.uasset" 439
"../../../Engine/Plugins/Editor/SpeedTreeImporter/Content/SpeedTree9/SpeedTreeBranchMotion.uexp" 440
"../../../Engine/Content/Functions/Engine_MaterialFunctions02/ObjectLocalBounds.uasset" 441
"../../../Engine/Content/Functions/Engine_MaterialFunctions02/ObjectLocalBounds.uexp" 442
"../../../Engine/Content/Functions/Engine_MaterialFunctions02/UVs/BoundingBoxBased_0-1_UVW.uasset" 443
"../../../Engine/Content/Functions/Engine_MaterialFunctions02/UVs/BoundingBoxBased_0-1_UVW.uexp" 444
"../../../Engine/Content/Functions/Engine_MaterialFunctions02/Utility/VectorLength.uasset" 445
"../../../Engine/Content/Functions/Engine_MaterialFunctions02/Utility/VectorLength.uexp" 446
"../../../Engine/Content/Functions/Engine_MaterialFunctions02/WorldPositionOffset/ObjectScale.uasset" 447
"../../../Engine/Content/Functions/Engine_MaterialFunctions02/WorldPositionOffset/ObjectScale.uexp" 448
"../../../Engine/Plugins/Editor/SpeedTreeImporter/Content/SpeedTree9/SpeedTreeWind.uasset" 449
"../../../Engine/Plugins/Editor/SpeedTreeImporter/Content/SpeedTree9/SpeedTreeWind.uexp" 450
"../../../Engine/Plugins/Editor/SpeedTreeImporter/Content/SpeedTree9/SpeedTreeBillboard.uasset" 451
"../../../Engine/Plugins/Editor/SpeedTreeImporter/Content/SpeedTree9/SpeedTreeBillboard.uexp" 452
"../../../Engine/Plugins/Editor/SpeedTreeImporter/Content/SpeedTree9/EmptyNormal.uasset" 453
"../../../Engine/Plugins/Editor/SpeedTreeImporter/Content/SpeedTree9/EmptyNormal.uexp" 454
"../../../Engine/Plugins/Editor/SpeedTreeImporter/Content/SpeedTree9/Empty.uasset" 455
"../../../Engine/Plugins/Editor/SpeedTreeImporter/Content/SpeedTree9/Empty.uexp" 456
"../../../Engine/Plugins/Editor/SpeedTreeImporter/Content/SpeedTree9/SpeedTreeBillboardMaster.uasset" 457
"../../../Engine/Plugins/Editor/SpeedTreeImporter/Content/SpeedTree9/SpeedTreeBillboardMaster.uexp" 458
"../../../Engine/Plugins/Editor/SpeedTreeImporter/Content/SpeedTree9/SpeedTreeCameraFacing.uasset" 459
"../../../Engine/Plugins/Editor/SpeedTreeImporter/Content/SpeedTree9/SpeedTreeCameraFacing.uexp" 460
"../../../Engine/Plugins/Editor/SpeedTreeImporter/Content/SpeedTree9/SpeedTreeMaster.uasset" 461
"../../../Engine/Plugins/Editor/SpeedTreeImporter/Content/SpeedTree9/SpeedTreeMaster.uexp" 462
"../../../Engine/Content/BasicShapes/Cylinder.uasset" 463
"../../../Engine/Content/BasicShapes/Cylinder.uexp" 464
"../../../Engine/Content/ArtTools/RenderToTexture/Materials/Debug/M_Emissive_Color.uasset" 465
"../../../Engine/Content/ArtTools/RenderToTexture/Materials/Debug/M_Emissive_Color.uexp" 466
"../../../Engine/Plugins/Lumin/MagicLeapPassableWorld/Content/MagicLeapARPinInfoActor.uasset" 467
"../../../Engine/Plugins/Lumin/MagicLeapPassableWorld/Content/MagicLeapARPinInfoActor.uexp" 468
"../../../Engine/Plugins/Runtime/OpenXR/Content/Devices/GoogleDaydream/MRTexture.uasset" 469
"../../../Engine/Plugins/Runtime/OpenXR/Content/Devices/GoogleDaydream/MRTexture.uexp" 470
"../../../Engine/Plugins/Runtime/OpenXR/Content/Devices/GoogleDaydream/MRTexture.ubulk" 471
"../../../Engine/Plugins/Runtime/OpenXR/Content/Devices/GoogleDaydream/BaseTexture.uasset" 472
"../../../Engine/Plugins/Runtime/OpenXR/Content/Devices/GoogleDaydream/BaseTexture.uexp" 473
"../../../Engine/Plugins/Runtime/OpenXR/Content/Devices/GoogleDaydream/BaseTexture.ubulk" 474
"../../../Engine/Content/EngineResources/Black.uasset" 475
"../../../Engine/Content/EngineResources/Black.uexp" 476
"../../../Engine/Plugins/Runtime/OpenXR/Content/Devices/M_XRController.uasset" 477
"../../../Engine/Plugins/Runtime/OpenXR/Content/Devices/M_XRController.uexp" 478
"../../../Engine/Plugins/Runtime/OpenXR/Content/Devices/GoogleDaydream/MI_GoogleDaydream.uasset" 479
"../../../Engine/Plugins/Runtime/OpenXR/Content/Devices/GoogleDaydream/MI_GoogleDaydream.uexp" 480
"../../../Engine/Plugins/Runtime/OpenXR/Content/Devices/GoogleDaydream/GoogleDaydreamController.uasset" 481
"../../../Engine/Plugins/Runtime/OpenXR/Content/Devices/GoogleDaydream/GoogleDaydreamController.uexp" 482
"../../../Engine/Plugins/Runtime/OpenXR/Content/Devices/HTCVive/BaseTexture.uasset" 483
"../../../Engine/Plugins/Runtime/OpenXR/Content/Devices/HTCVive/BaseTexture.uexp" 484
"../../../Engine/Plugins/Runtime/OpenXR/Content/Devices/HTCVive/BaseTexture.ubulk" 485
"../../../Engine/Plugins/Runtime/OpenXR/Content/Devices/HTCVive/MI_HTCVive.uasset" 486
"../../../Engine/Plugins/Runtime/OpenXR/Content/Devices/HTCVive/MI_HTCVive.uexp" 487
"../../../Engine/Plugins/Runtime/OpenXR/Content/Devices/HTCVive/HTCViveController.uasset" 488
"../../../Engine/Plugins/Runtime/OpenXR/Content/Devices/HTCVive/HTCViveController.uexp" 489
"../../../Engine/Plugins/Runtime/OpenXR/Content/Devices/MicrosoftMixedReality/NormalTexture.uasset" 490
"../../../Engine/Plugins/Runtime/OpenXR/Content/Devices/MicrosoftMixedReality/NormalTexture.uexp" 491
"../../../Engine/Plugins/Runtime/OpenXR/Content/Devices/MicrosoftMixedReality/NormalTexture.ubulk" 492
"../../../Engine/Plugins/Runtime/OpenXR/Content/Devices/MicrosoftMixedReality/MRTexture.uasset" 493
"../../../Engine/Plugins/Runtime/OpenXR/Content/Devices/MicrosoftMixedReality/MRTexture.uexp" 494
"../../../Engine/Plugins/Runtime/OpenXR/Content/Devices/MicrosoftMixedReality/MRTexture.ubulk" 495
"../../../Engine/Plugins/Runtime/OpenXR/Content/Devices/MicrosoftMixedReality/EmissiveTexture.uasset" 496
"../../../Engine/Plugins/Runtime/OpenXR/Content/Devices/MicrosoftMixedReality/EmissiveTexture.uexp" 497
"../../../Engine/Plugins/Runtime/OpenXR/Content/Devices/MicrosoftMixedReality/EmissiveTexture.ubulk" 498
"../../../Engine/Plugins/Runtime/OpenXR/Content/Devices/MicrosoftMixedReality/BaseTexture.uasset" 499
"../../../Engine/Plugins/Runtime/OpenXR/Content/Devices/MicrosoftMixedReality/BaseTexture.uexp" 500
"../../../Engine/Plugins/Runtime/OpenXR/Content/Devices/MicrosoftMixedReality/BaseTexture.ubulk" 501
"../../../Engine/Plugins/Runtime/OpenXR/Content/Devices/MicrosoftMixedReality/MI_MicrosoftMixedReality.uasset" 502
"../../../Engine/Plugins/Runtime/OpenXR/Content/Devices/MicrosoftMixedReality/MI_MicrosoftMixedReality.uexp" 503
"../../../Engine/Plugins/Runtime/OpenXR/Content/Devices/MicrosoftMixedReality/Left/left_MicrosoftMixedRealityController.uasset" 504
"../../../Engine/Plugins/Runtime/OpenXR/Content/Devices/MicrosoftMixedReality/Left/left_MicrosoftMixedRealityController.uexp" 505
"../../../Engine/Plugins/Runtime/OpenXR/Content/Devices/MicrosoftMixedReality/Right/right_MicrosoftMixedRealityController.uasset" 506
"../../../Engine/Plugins/Runtime/OpenXR/Content/Devices/MicrosoftMixedReality/Right/right_MicrosoftMixedRealityController.uexp" 507
"../../../Engine/Plugins/Runtime/OpenXR/Content/Devices/OculusGo/BaseTexture.uasset" 508
"../../../Engine/Plugins/Runtime/OpenXR/Content/Devices/OculusGo/BaseTexture.uexp" 509
"../../../Engine/Plugins/Runtime/OpenXR/Content/Devices/OculusGo/BaseTexture.ubulk" 510
"../../../Engine/Plugins/Runtime/OpenXR/Content/Devices/OculusGo/MI_OculusGo.uasset" 511
"../../../Engine/Plugins/Runtime/OpenXR/Content/Devices/OculusGo/MI_OculusGo.uexp" 512
"../../../Engine/Plugins/Runtime/OpenXR/Content/Devices/OculusGo/OculusGoController.uasset" 513
"../../../Engine/Plugins/Runtime/OpenXR/Content/Devices/OculusGo/OculusGoController.uexp" 514
"../../../Engine/Plugins/Runtime/OpenXR/Content/Devices/OculusTouch/MRTexture.uasset" 515
"../../../Engine/Plugins/Runtime/OpenXR/Content/Devices/OculusTouch/MRTexture.uexp" 516
"../../../Engine/Plugins/Runtime/OpenXR/Content/Devices/OculusTouch/MRTexture.ubulk" 517
"../../../Engine/Plugins/Runtime/OpenXR/Content/Devices/OculusTouch/BaseTexture.uasset" 518
"../../../Engine/Plugins/Runtime/OpenXR/Content/Devices/OculusTouch/BaseTexture.uexp" 519
"../../../Engine/Plugins/Runtime/OpenXR/Content/Devices/OculusTouch/BaseTexture.ubulk" 520
"../../../Engine/Plugins/Runtime/OpenXR/Content/Devices/OculusTouch/MI_OculusTouch.uasset" 521
"../../../Engine/Plugins/Runtime/OpenXR/Content/Devices/OculusTouch/MI_OculusTouch.uexp" 522
"../../../Engine/Plugins/Runtime/OpenXR/Content/Devices/OculusTouch/Left/left_OculusTouchController.uasset" 523
"../../../Engine/Plugins/Runtime/OpenXR/Content/Devices/OculusTouch/Left/left_OculusTouchController.uexp" 524
"../../../Engine/Plugins/Runtime/OpenXR/Content/Devices/OculusTouch/Right/right_OculusTouchController.uasset" 525
"../../../Engine/Plugins/Runtime/OpenXR/Content/Devices/OculusTouch/Right/right_OculusTouchController.uexp" 526
"../../../Engine/Plugins/Runtime/OpenXR/Content/Devices/OculusTouch_v2/MRTexture.uasset" 527
"../../../Engine/Plugins/Runtime/OpenXR/Content/Devices/OculusTouch_v2/MRTexture.uexp" 528
"../../../Engine/Plugins/Runtime/OpenXR/Content/Devices/OculusTouch_v2/MRTexture.ubulk" 529
"../../../Engine/Plugins/Runtime/OpenXR/Content/Devices/OculusTouch_v2/BaseTexture.uasset" 530
"../../../Engine/Plugins/Runtime/OpenXR/Content/Devices/OculusTouch_v2/BaseTexture.uexp" 531
"../../../Engine/Plugins/Runtime/OpenXR/Content/Devices/OculusTouch_v2/BaseTexture.ubulk" 532
"../../../Engine/Plugins/Runtime/OpenXR/Content/Devices/OculusTouch_v2/MI_OculusTouch_v2.uasset" 533
"../../../Engine/Plugins/Runtime/OpenXR/Content/Devices/OculusTouch_v2/MI_OculusTouch_v2.uexp" 534
"../../../Engine/Plugins/Runtime/OpenXR/Content/Devices/OculusTouch_v2/Left/left_OculusTouch_v2Controller.uasset" 535
"../../../Engine/Plugins/Runtime/OpenXR/Content/Devices/OculusTouch_v2/Left/left_OculusTouch_v2Controller.uexp" 536
"../../../Engine/Plugins/Runtime/OpenXR/Content/Devices/OculusTouch_v2/Right/right_OculusTouch_v2Controller.uasset" 537
"../../../Engine/Plugins/Runtime/OpenXR/Content/Devices/OculusTouch_v2/Right/right_OculusTouch_v2Controller.uexp" 538
"../../../Engine/Plugins/Runtime/OpenXR/Content/Devices/OculusTouch_v3/MRTexture.uasset" 539
"../../../Engine/Plugins/Runtime/OpenXR/Content/Devices/OculusTouch_v3/MRTexture.uexp" 540
"../../../Engine/Plugins/Runtime/OpenXR/Content/Devices/OculusTouch_v3/MRTexture.ubulk" 541
"../../../Engine/Plugins/Runtime/OpenXR/Content/Devices/OculusTouch_v3/BaseTexture.uasset" 542
"../../../Engine/Plugins/Runtime/OpenXR/Content/Devices/OculusTouch_v3/BaseTexture.uexp" 543
"../../../Engine/Plugins/Runtime/OpenXR/Content/Devices/OculusTouch_v3/BaseTexture.ubulk" 544
"../../../Engine/Plugins/Runtime/OpenXR/Content/Devices/OculusTouch_v3/MI_OculusTouch_v3.uasset" 545
"../../../Engine/Plugins/Runtime/OpenXR/Content/Devices/OculusTouch_v3/MI_OculusTouch_v3.uexp" 546
"../../../Engine/Plugins/Runtime/OpenXR/Content/Devices/OculusTouch_v3/Left/left_OculusTouch_v3Controller.uasset" 547
"../../../Engine/Plugins/Runtime/OpenXR/Content/Devices/OculusTouch_v3/Left/left_OculusTouch_v3Controller.uexp" 548
"../../../Engine/Plugins/Runtime/OpenXR/Content/Devices/OculusTouch_v3/Right/right_OculusTouch_v3Controller.uasset" 549
"../../../Engine/Plugins/Runtime/OpenXR/Content/Devices/OculusTouch_v3/Right/right_OculusTouch_v3Controller.uexp" 550
"../../../Engine/Plugins/Runtime/OpenXR/Content/Devices/ValveIndex/Left/left_MRTexture.uasset" 551
"../../../Engine/Plugins/Runtime/OpenXR/Content/Devices/ValveIndex/Left/left_MRTexture.uexp" 552
"../../../Engine/Plugins/Runtime/OpenXR/Content/Devices/ValveIndex/Left/left_MRTexture.ubulk" 553
"../../../Engine/Plugins/Runtime/OpenXR/Content/Devices/ValveIndex/Left/left_BaseTexture.uasset" 554
"../../../Engine/Plugins/Runtime/OpenXR/Content/Devices/ValveIndex/Left/left_BaseTexture.uexp" 555
"../../../Engine/Plugins/Runtime/OpenXR/Content/Devices/ValveIndex/Left/left_BaseTexture.ubulk" 556
"../../../Engine/Plugins/Runtime/OpenXR/Content/Devices/ValveIndex/Left/MI_left_ValveIndex.uasset" 557
"../../../Engine/Plugins/Runtime/OpenXR/Content/Devices/ValveIndex/Left/MI_left_ValveIndex.uexp" 558
"../../../Engine/Plugins/Runtime/OpenXR/Content/Devices/ValveIndex/Left/left_ValveIndexController.uasset" 559
"../../../Engine/Plugins/Runtime/OpenXR/Content/Devices/ValveIndex/Left/left_ValveIndexController.uexp" 560
"../../../Engine/Plugins/Runtime/OpenXR/Content/Devices/ValveIndex/Right/right_MRTexture.uasset" 561
"../../../Engine/Plugins/Runtime/OpenXR/Content/Devices/ValveIndex/Right/right_MRTexture.uexp" 562
"../../../Engine/Plugins/Runtime/OpenXR/Content/Devices/ValveIndex/Right/right_MRTexture.ubulk" 563
"../../../Engine/Plugins/Runtime/OpenXR/Content/Devices/ValveIndex/Right/right_BaseTexture.uasset" 564
"../../../Engine/Plugins/Runtime/OpenXR/Content/Devices/ValveIndex/Right/right_BaseTexture.uexp" 565
"../../../Engine/Plugins/Runtime/OpenXR/Content/Devices/ValveIndex/Right/right_BaseTexture.ubulk" 566
"../../../Engine/Plugins/Runtime/OpenXR/Content/Devices/ValveIndex/Right/MI_right_ValveIndex.uasset" 567
"../../../Engine/Plugins/Runtime/OpenXR/Content/Devices/ValveIndex/Right/MI_right_ValveIndex.uexp" 568
"../../../Engine/Plugins/Runtime/OpenXR/Content/Devices/ValveIndex/Right/right_ValveIndexController.uasset" 569
"../../../Engine/Plugins/Runtime/OpenXR/Content/Devices/ValveIndex/Right/right_ValveIndexController.uexp" 570
"../../../Engine/Content/Functions/Engine_MaterialFunctions02/Utility/BreakOutFloat4Components.uasset" 571
"../../../Engine/Content/Functions/Engine_MaterialFunctions02/Utility/BreakOutFloat4Components.uexp" 572
"../../../Engine/Content/Functions/Engine_MaterialFunctions02/Utility/MakeFloat3.uasset" 573
"../../../Engine/Content/Functions/Engine_MaterialFunctions02/Utility/MakeFloat3.uexp" 574
"../../../Engine/Plugins/Runtime/Oculus/OculusVR/Content/Materials/OculusMR_ChromaKey.uasset" 575
"../../../Engine/Plugins/Runtime/Oculus/OculusVR/Content/Materials/OculusMR_ChromaKey.uexp" 576
"../../../Engine/Plugins/Runtime/Oculus/OculusVR/Content/Materials/OculusMR_OpaqueColoredMaterial.uasset" 577
"../../../Engine/Plugins/Runtime/Oculus/OculusVR/Content/Materials/OculusMR_OpaqueColoredMaterial.uexp" 578
"../../../Engine/Plugins/Runtime/Oculus/OculusVR/Content/Materials/PokeAHoleMaterial.uasset" 579
"../../../Engine/Plugins/Runtime/Oculus/OculusVR/Content/Materials/PokeAHoleMaterial.uexp" 580
"../../../Engine/Plugins/Runtime/Oculus/OculusVR/Content/Textures/touchController_controlmap.uasset" 581
"../../../Engine/Plugins/Runtime/Oculus/OculusVR/Content/Textures/touchController_controlmap.uexp" 582
"../../../Engine/Plugins/Runtime/Oculus/OculusVR/Content/Textures/touchController_controlmap.ubulk" 583
"../../../Engine/Plugins/Runtime/Oculus/OculusVR/Content/Textures/touchController_albedo.uasset" 584
"../../../Engine/Plugins/Runtime/Oculus/OculusVR/Content/Textures/touchController_albedo.uexp" 585
"../../../Engine/Plugins/Runtime/Oculus/OculusVR/Content/Textures/touchController_albedo.ubulk" 586
"../../../Engine/Plugins/Runtime/Oculus/OculusVR/Content/Materials/touchController_mat.uasset" 587
"../../../Engine/Plugins/Runtime/Oculus/OculusVR/Content/Materials/touchController_mat.uexp" 588
"../../../Engine/Plugins/Runtime/Oculus/OculusVR/Content/Meshes/LeftTouchController.uasset" 589
"../../../Engine/Plugins/Runtime/Oculus/OculusVR/Content/Meshes/LeftTouchController.uexp" 590
"../../../Engine/Plugins/Runtime/Oculus/OculusVR/Content/Textures/TouchForQuestRiftSController_albedo.uasset" 591
"../../../Engine/Plugins/Runtime/Oculus/OculusVR/Content/Textures/TouchForQuestRiftSController_albedo.uexp" 592
"../../../Engine/Plugins/Runtime/Oculus/OculusVR/Content/Textures/TouchForQuestRiftSController_albedo.ubulk" 593
"../../../Engine/Plugins/Runtime/Oculus/OculusVR/Content/Materials/TouchForQuestRiftSControllerMaterial.uasset" 594
"../../../Engine/Plugins/Runtime/Oculus/OculusVR/Content/Materials/TouchForQuestRiftSControllerMaterial.uexp" 595
"../../../Engine/Plugins/Runtime/Oculus/OculusVR/Content/Meshes/LeftTouchForQuestRiftSController.uasset" 596
"../../../Engine/Plugins/Runtime/Oculus/OculusVR/Content/Meshes/LeftTouchForQuestRiftSController.uexp" 597
"../../../Engine/Plugins/Runtime/Oculus/OculusVR/Content/Meshes/RiftHMD.uasset" 598
"../../../Engine/Plugins/Runtime/Oculus/OculusVR/Content/Meshes/RiftHMD.uexp" 599
"../../../Engine/Plugins/Runtime/Oculus/OculusVR/Content/Meshes/RightTouchController.uasset" 600
"../../../Engine/Plugins/Runtime/Oculus/OculusVR/Content/Meshes/RightTouchController.uexp" 601
"../../../Engine/Plugins/Runtime/Oculus/OculusVR/Content/Meshes/RightTouchForQuestRiftSController.uasset" 602
"../../../Engine/Plugins/Runtime/Oculus/OculusVR/Content/Meshes/RightTouchForQuestRiftSController.uexp" 603
"../../../Engine/Content/EngineMaterials/DefaultPhysicalMaterial.uasset" 604
"../../../Engine/Content/EngineMaterials/DefaultPhysicalMaterial.uexp" 605
"../../../Engine/Content/BasicShapes/Cube.uasset" 606
"../../../Engine/Content/BasicShapes/Cube.uexp" 607
"../../../Engine/Content/BasicShapes/BasicShapeMaterial.uasset" 608
"../../../Engine/Content/BasicShapes/BasicShapeMaterial.uexp" 609
"E:/UnrealProjects/Crownless/Crownless/Content/GamePlay/Blueprints/Characters/MasterPlayerController.uasset" 610
"E:/UnrealProjects/Crownless/Crownless/Content/GamePlay/Blueprints/Characters/MasterPlayerController.uexp" 611
"E:/UnrealProjects/Crownless/Crownless/Content/Mannequin/Character/Mesh/SK_Mannequin_PhysicsAsset.uasset" 612
"E:/UnrealProjects/Crownless/Crownless/Content/Mannequin/Character/Mesh/SK_Mannequin_PhysicsAsset.uexp" 613
"E:/UnrealProjects/Crownless/Crownless/Content/Mannequin/Character/Mesh/SK_Mannequin.uasset" 614
"E:/UnrealProjects/Crownless/Crownless/Content/Mannequin/Character/Mesh/SK_Mannequin.uexp" 615
"../../../Engine/Content/EditorBlueprintResources/StandardMacros.uasset" 616
"../../../Engine/Content/EditorBlueprintResources/StandardMacros.uexp" 617
"E:/UnrealProjects/Crownless/Crownless/Content/Mannequin/Animations/ThirdPersonWalk.uasset" 618
"E:/UnrealProjects/Crownless/Crownless/Content/Mannequin/Animations/ThirdPersonWalk.uexp" 619
"E:/UnrealProjects/Crownless/Crownless/Content/Mannequin/Animations/ThirdPersonRun.uasset" 620
"E:/UnrealProjects/Crownless/Crownless/Content/Mannequin/Animations/ThirdPersonRun.uexp" 621
"E:/UnrealProjects/Crownless/Crownless/Content/Mannequin/Animations/ThirdPersonIdle.uasset" 622
"E:/UnrealProjects/Crownless/Crownless/Content/Mannequin/Animations/ThirdPersonIdle.uexp" 623
"E:/UnrealProjects/Crownless/Crownless/Content/Mannequin/Animations/ThirdPerson_IdleRun_2D.uasset" 624
"E:/UnrealProjects/Crownless/Crownless/Content/Mannequin/Animations/ThirdPerson_IdleRun_2D.uexp" 625
"E:/UnrealProjects/Crownless/Crownless/Content/Mannequin/Animations/ThirdPerson_Jump.uasset" 626
"E:/UnrealProjects/Crownless/Crownless/Content/Mannequin/Animations/ThirdPerson_Jump.uexp" 627
"E:/UnrealProjects/Crownless/Crownless/Content/Mannequin/Animations/ThirdPersonJump_Start.uasset" 628
"E:/UnrealProjects/Crownless/Crownless/Content/Mannequin/Animations/ThirdPersonJump_Start.uexp" 629
"E:/UnrealProjects/Crownless/Crownless/Content/Mannequin/Animations/ThirdPersonJump_Loop.uasset" 630
"E:/UnrealProjects/Crownless/Crownless/Content/Mannequin/Animations/ThirdPersonJump_Loop.uexp" 631
"E:/UnrealProjects/Crownless/Crownless/Content/Mannequin/Animations/ThirdPerson_AnimBP.uasset" 632
"E:/UnrealProjects/Crownless/Crownless/Content/Mannequin/Animations/ThirdPerson_AnimBP.uexp" 633
"E:/UnrealProjects/Crownless/Crownless/Content/GamePlay/Blueprints/Characters/MasterCharacter.uasset" 634
"E:/UnrealProjects/Crownless/Crownless/Content/GamePlay/Blueprints/Characters/MasterCharacter.uexp" 635
"E:/UnrealProjects/Crownless/Crownless/Content/GamePlay/Blueprints/GameModes/MainCrownlessGameMode.uasset" 636
"E:/UnrealProjects/Crownless/Crownless/Content/GamePlay/Blueprints/GameModes/MainCrownlessGameMode.uexp" 637
"E:/UnrealProjects/Crownless/Crownless/Content/GamePlay/Maps/MainTesting.uexp" 638
"E:/UnrealProjects/Crownless/Crownless/Content/GamePlay/Maps/MainTesting.umap" 639
"E:/UnrealProjects/Crownless/Crownless/Content/MainMenu/MainMenu_BuiltData.uasset" 640
"E:/UnrealProjects/Crownless/Crownless/Content/MainMenu/MainMenu_BuiltData.uexp" 641
"E:/UnrealProjects/Crownless/Crownless/Content/MainMenu/MainMenu_BuiltData.ubulk" 642
"E:/UnrealProjects/Crownless/Crownless/Content/MainMenu/Blueprints/WBP_MainMenu.uasset" 643
"E:/UnrealProjects/Crownless/Crownless/Content/MainMenu/Blueprints/WBP_MainMenu.uexp" 644
"E:/UnrealProjects/Crownless/Crownless/Content/MainMenu/Blueprints/MainMenuPlayerController.uasset" 645
"E:/UnrealProjects/Crownless/Crownless/Content/MainMenu/Blueprints/MainMenuPlayerController.uexp" 646
"E:/UnrealProjects/Crownless/Crownless/Content/MainMenu/Blueprints/MainMenuPawn.uasset" 647
"E:/UnrealProjects/Crownless/Crownless/Content/MainMenu/Blueprints/MainMenuPawn.uexp" 648
"E:/UnrealProjects/Crownless/Crownless/Content/MainMenu/Blueprints/GM_MainMenu.uasset" 649
"E:/UnrealProjects/Crownless/Crownless/Content/MainMenu/Blueprints/GM_MainMenu.uexp" 650
"E:/UnrealProjects/Crownless/Crownless/Content/MainMenu/MainMenu.uexp" 651
"E:/UnrealProjects/Crownless/Crownless/Content/MainMenu/MainMenu.umap" 652
